Performing C SOURCE FILE Test CMAKE_HAVE_LIBC_PTHREAD failed with the following output:
Change Dir: /home/yyunon/thesis_journals/resources/fletcher-oc-accel/runtime/build/CMakeFiles/CMakeTmp

Run Build Command(s):/usr/bin/make cmTC_29817/fast && /usr/bin/make  -f CMakeFiles/cmTC_29817.dir/build.make CMakeFiles/cmTC_29817.dir/build
make[1]: Entering directory '/home/yyunon/thesis_journals/resources/fletcher-oc-accel/runtime/build/CMakeFiles/CMakeTmp'
Building C object CMakeFiles/cmTC_29817.dir/src.c.o
/usr/bin/cc -DCMAKE_HAVE_LIBC_PTHREAD   -o CMakeFiles/cmTC_29817.dir/src.c.o -c /home/yyunon/thesis_journals/resources/fletcher-oc-accel/runtime/build/CMakeFiles/CMakeTmp/src.c
Linking C executable cmTC_29817
/usr/bin/cmake -E cmake_link_script CMakeFiles/cmTC_29817.dir/link.txt --verbose=1
/usr/bin/cc -rdynamic CMakeFiles/cmTC_29817.dir/src.c.o -o cmTC_29817 
/usr/bin/ld: CMakeFiles/cmTC_29817.dir/src.c.o: in function `main':
src.c:(.text+0x3e): undefined reference to `pthread_create'
/usr/bin/ld: src.c:(.text+0x4a): undefined reference to `pthread_detach'
/usr/bin/ld: src.c:(.text+0x56): undefined reference to `pthread_cancel'
/usr/bin/ld: src.c:(.text+0x67): undefined reference to `pthread_join'
collect2: error: ld returned 1 exit status
make[1]: *** [CMakeFiles/cmTC_29817.dir/build.make:106: cmTC_29817] Error 1
make[1]: Leaving directory '/home/yyunon/thesis_journals/resources/fletcher-oc-accel/runtime/build/CMakeFiles/CMakeTmp'
make: *** [Makefile:140: cmTC_29817/fast] Error 2


Source file was:
#include <pthread.h>

static void* test_func(void* data)
{
  return data;
}

int main(void)
{
  pthread_t thread;
  pthread_create(&thread, NULL, test_func, NULL);
  pthread_detach(thread);
  pthread_cancel(thread);
  pthread_join(thread, NULL);
  pthread_atfork(NULL, NULL, NULL);
  pthread_exit(NULL);

  return 0;
}

Determining if the function pthread_create exists in the pthreads failed with the following output:
Change Dir: /home/yyunon/thesis_journals/resources/fletcher-oc-accel/runtime/build/CMakeFiles/CMakeTmp

Run Build Command(s):/usr/bin/make cmTC_e6cf2/fast && /usr/bin/make  -f CMakeFiles/cmTC_e6cf2.dir/build.make CMakeFiles/cmTC_e6cf2.dir/build
make[1]: Entering directory '/home/yyunon/thesis_journals/resources/fletcher-oc-accel/runtime/build/CMakeFiles/CMakeTmp'
Building C object CMakeFiles/cmTC_e6cf2.dir/CheckFunctionExists.c.o
/usr/bin/cc   -DCHECK_FUNCTION_EXISTS=pthread_create -o CMakeFiles/cmTC_e6cf2.dir/CheckFunctionExists.c.o -c /usr/share/cmake-3.19/Modules/CheckFunctionExists.c
Linking C executable cmTC_e6cf2
/usr/bin/cmake -E cmake_link_script CMakeFiles/cmTC_e6cf2.dir/link.txt --verbose=1
/usr/bin/cc  -DCHECK_FUNCTION_EXISTS=pthread_create -rdynamic CMakeFiles/cmTC_e6cf2.dir/CheckFunctionExists.c.o -o cmTC_e6cf2  -lpthreads 
/usr/bin/ld: cannot find -lpthreads
collect2: error: ld returned 1 exit status
make[1]: *** [CMakeFiles/cmTC_e6cf2.dir/build.make:106: cmTC_e6cf2] Error 1
make[1]: Leaving directory '/home/yyunon/thesis_journals/resources/fletcher-oc-accel/runtime/build/CMakeFiles/CMakeTmp'
make: *** [Makefile:140: cmTC_e6cf2/fast] Error 2



Performing C++ SOURCE FILE Test HAVE_CXX_FLAG_WSHORTEN_64_TO_32 failed with the following output:
Change Dir: /home/yyunon/thesis_journals/resources/fletcher-oc-accel/runtime/build/CMakeFiles/CMakeTmp

Run Build Command(s):/usr/bin/make cmTC_1cca5/fast && /usr/bin/make  -f CMakeFiles/cmTC_1cca5.dir/build.make CMakeFiles/cmTC_1cca5.dir/build
make[1]: Entering directory '/home/yyunon/thesis_journals/resources/fletcher-oc-accel/runtime/build/CMakeFiles/CMakeTmp'
Building CXX object CMakeFiles/cmTC_1cca5.dir/src.cxx.o
/usr/bin/c++ -DHAVE_CXX_FLAG_WSHORTEN_64_TO_32  -std=c++11  -Wall  -Wextra  -Wshadow  -Wshorten-64-to-32   -Wshorten-64-to-32 -o CMakeFiles/cmTC_1cca5.dir/src.cxx.o -c /home/yyunon/thesis_journals/resources/fletcher-oc-accel/runtime/build/CMakeFiles/CMakeTmp/src.cxx
c++: error: unrecognized command-line option '-Wshorten-64-to-32'
c++: error: unrecognized command-line option '-Wshorten-64-to-32'
make[1]: *** [CMakeFiles/cmTC_1cca5.dir/build.make:85: CMakeFiles/cmTC_1cca5.dir/src.cxx.o] Error 1
make[1]: Leaving directory '/home/yyunon/thesis_journals/resources/fletcher-oc-accel/runtime/build/CMakeFiles/CMakeTmp'
make: *** [Makefile:140: cmTC_1cca5/fast] Error 2


Source file was:
int main() { return 0; }
Performing C++ SOURCE FILE Test HAVE_CXX_FLAG_WD654 failed with the following output:
Change Dir: /home/yyunon/thesis_journals/resources/fletcher-oc-accel/runtime/build/CMakeFiles/CMakeTmp

Run Build Command(s):/usr/bin/make cmTC_b6300/fast && /usr/bin/make  -f CMakeFiles/cmTC_b6300.dir/build.make CMakeFiles/cmTC_b6300.dir/build
make[1]: Entering directory '/home/yyunon/thesis_journals/resources/fletcher-oc-accel/runtime/build/CMakeFiles/CMakeTmp'
Building CXX object CMakeFiles/cmTC_b6300.dir/src.cxx.o
/usr/bin/c++ -DHAVE_CXX_FLAG_WD654  -std=c++11  -Wall  -Wextra  -Wshadow  -fstrict-aliasing  -Wno-deprecated-declarations  -Wstrict-aliasing  -wd654   -wd654 -o CMakeFiles/cmTC_b6300.dir/src.cxx.o -c /home/yyunon/thesis_journals/resources/fletcher-oc-accel/runtime/build/CMakeFiles/CMakeTmp/src.cxx
c++: error: unrecognized command-line option '-wd654'
c++: error: unrecognized command-line option '-wd654'
make[1]: *** [CMakeFiles/cmTC_b6300.dir/build.make:85: CMakeFiles/cmTC_b6300.dir/src.cxx.o] Error 1
make[1]: Leaving directory '/home/yyunon/thesis_journals/resources/fletcher-oc-accel/runtime/build/CMakeFiles/CMakeTmp'
make: *** [Makefile:140: cmTC_b6300/fast] Error 2


Source file was:
int main() { return 0; }
Performing C++ SOURCE FILE Test HAVE_CXX_FLAG_WTHREAD_SAFETY failed with the following output:
Change Dir: /home/yyunon/thesis_journals/resources/fletcher-oc-accel/runtime/build/CMakeFiles/CMakeTmp

Run Build Command(s):/usr/bin/make cmTC_671bd/fast && /usr/bin/make  -f CMakeFiles/cmTC_671bd.dir/build.make CMakeFiles/cmTC_671bd.dir/build
make[1]: Entering directory '/home/yyunon/thesis_journals/resources/fletcher-oc-accel/runtime/build/CMakeFiles/CMakeTmp'
Building CXX object CMakeFiles/cmTC_671bd.dir/src.cxx.o
/usr/bin/c++ -DHAVE_CXX_FLAG_WTHREAD_SAFETY  -std=c++11  -Wall  -Wextra  -Wshadow  -fstrict-aliasing  -Wno-deprecated-declarations  -Wstrict-aliasing  -Wthread-safety   -Wthread-safety -o CMakeFiles/cmTC_671bd.dir/src.cxx.o -c /home/yyunon/thesis_journals/resources/fletcher-oc-accel/runtime/build/CMakeFiles/CMakeTmp/src.cxx
c++: error: unrecognized command-line option '-Wthread-safety'
c++: error: unrecognized command-line option '-Wthread-safety'
make[1]: *** [CMakeFiles/cmTC_671bd.dir/build.make:85: CMakeFiles/cmTC_671bd.dir/src.cxx.o] Error 1
make[1]: Leaving directory '/home/yyunon/thesis_journals/resources/fletcher-oc-accel/runtime/build/CMakeFiles/CMakeTmp'
make: *** [Makefile:140: cmTC_671bd/fast] Error 2


Source file was:
int main() { return 0; }
